2020-12-21 08:20:43,151 INFO  [org.jboss.modules] (main) JBoss Modules version 1.10.1.Final
2020-12-21 08:20:44,543 INFO  [org.jboss.msc] (main) JBoss MSC version 1.4.11.Final
2020-12-21 08:20:44,556 INFO  [org.jboss.threads] (main) JBoss Threads version 2.3.3.Final
2020-12-21 08:20:44,774 INFO  [org.jboss.as] (MSC service thread 1-2) WFLYSRV0049: Keycloak 11.0.3 (WildFly Core 12.0.3.Final) starting
2020-12-21 08:20:44,777 DEBUG [org.jboss.as.config] (MSC service thread 1-2) Configured system properties:
	[Standalone] = 
	file.encoding = UTF-8
	file.separator = /
	java.awt.headless = true
	java.class.path = /home/sandro/Documentos/proy_web/keycloaktest/keycloak-11.0.3/jboss-modules.jar
	java.class.version = 59.0
	java.home = /usr/lib/jvm/java-15-openjdk-amd64
	java.io.tmpdir = /tmp
	java.library.path = /usr/java/packages/lib:/usr/lib/x86_64-linux-gnu/jni:/lib/x86_64-linux-gnu:/usr/lib/x86_64-linux-gnu:/usr/lib/jni:/lib:/usr/lib
	java.net.preferIPv4Stack = true
	java.runtime.name = OpenJDK Runtime Environment
	java.runtime.version = 15.0.1+9-Debian-3
	java.specification.name = Java Platform API Specification
	java.specification.vendor = Oracle Corporation
	java.specification.version = 15
	java.util.logging.manager = org.jboss.logmanager.LogManager
	java.vendor = Debian
	java.vendor.url = https://tracker.debian.org/openjdk-15
	java.vendor.url.bug = https://bugs.debian.org/openjdk-15
	java.version = 15.0.1
	java.version.date = 2020-10-20
	java.vm.compressedOopsMode = 32-bit
	java.vm.info = mixed mode, sharing
	java.vm.name = OpenJDK 64-Bit Server VM
	java.vm.specification.name = Java Virtual Machine Specification
	java.vm.specification.vendor = Oracle Corporation
	java.vm.specification.version = 15
	java.vm.vendor = Debian
	java.vm.version = 15.0.1+9-Debian-3
	javax.management.builder.initial = org.jboss.as.jmx.PluggableMBeanServerBuilder
	jboss.home.dir = /home/sandro/Documentos/proy_web/keycloaktest/keycloak-11.0.3
	jboss.host.name = marcelo
	jboss.modules.dir = /home/sandro/Documentos/proy_web/keycloaktest/keycloak-11.0.3/modules
	jboss.modules.system.pkgs = org.jboss.byteman
	jboss.node.name = marcelo
	jboss.qualified.host.name = marcelo
	jboss.server.base.dir = /home/sandro/Documentos/proy_web/keycloaktest/keycloak-11.0.3/standalone
	jboss.server.config.dir = /home/sandro/Documentos/proy_web/keycloaktest/keycloak-11.0.3/standalone/configuration
	jboss.server.data.dir = /home/sandro/Documentos/proy_web/keycloaktest/keycloak-11.0.3/standalone/data
	jboss.server.deploy.dir = /home/sandro/Documentos/proy_web/keycloaktest/keycloak-11.0.3/standalone/data/content
	jboss.server.log.dir = /home/sandro/Documentos/proy_web/keycloaktest/keycloak-11.0.3/standalone/log
	jboss.server.name = marcelo
	jboss.server.persist.config = true
	jboss.server.temp.dir = /home/sandro/Documentos/proy_web/keycloaktest/keycloak-11.0.3/standalone/tmp
	jdk.debug = release
	line.separator = 

	logging.configuration = file:/home/sandro/Documentos/proy_web/keycloaktest/keycloak-11.0.3/standalone/configuration/logging.properties
	module.path = /home/sandro/Documentos/proy_web/keycloaktest/keycloak-11.0.3/modules
	org.jboss.boot.log.file = /home/sandro/Documentos/proy_web/keycloaktest/keycloak-11.0.3/standalone/log/server.log
	org.jboss.resolver.warning = true
	os.arch = amd64
	os.name = Linux
	os.version = 5.9.0-4-amd64
	path.separator = :
	sun.arch.data.model = 64
	sun.boot.library.path = /usr/lib/jvm/java-15-openjdk-amd64/lib
	sun.cpu.endian = little
	sun.io.unicode.encoding = UnicodeLittle
	sun.java.command = /home/sandro/Documentos/proy_web/keycloaktest/keycloak-11.0.3/jboss-modules.jar -mp /home/sandro/Documentos/proy_web/keycloaktest/keycloak-11.0.3/modules org.jboss.as.standalone -Djboss.home.dir=/home/sandro/Documentos/proy_web/keycloaktest/keycloak-11.0.3 -Djboss.server.base.dir=/home/sandro/Documentos/proy_web/keycloaktest/keycloak-11.0.3/standalone
	sun.java.launcher = SUN_STANDARD
	sun.jnu.encoding = UTF-8
	sun.management.compiler = HotSpot 64-Bit Tiered Compilers
	user.country = PE
	user.dir = /home/sandro/Documentos/proy_web/keycloaktest/keycloak-11.0.3
	user.home = /home/sandro
	user.language = es
	user.name = sandro
	user.timezone = America/Lima
2020-12-21 08:20:44,780 DEBUG [org.jboss.as.config] (MSC service thread 1-2) VM Arguments: -D[Standalone] -Xms64m -Xmx512m -XX:MetaspaceSize=96M -XX:MaxMetaspaceSize=256m -Djava.net.preferIPv4Stack=true -Djboss.modules.system.pkgs=org.jboss.byteman -Djava.awt.headless=true --add-exports=java.base/sun.nio.ch=ALL-UNNAMED --add-exports=jdk.unsupported/sun.misc=ALL-UNNAMED --add-exports=jdk.unsupported/sun.reflect=ALL-UNNAMED -Dorg.jboss.boot.log.file=/home/sandro/Documentos/proy_web/keycloaktest/keycloak-11.0.3/standalone/log/server.log -Dlogging.configuration=file:/home/sandro/Documentos/proy_web/keycloaktest/keycloak-11.0.3/standalone/configuration/logging.properties 
2020-12-21 08:20:46,989 INFO  [org.wildfly.security] (ServerService Thread Pool -- 19) ELY00001: WildFly Elytron version 1.12.1.Final
2020-12-21 08:20:50,253 INFO  [org.jboss.as.controller.management-deprecated] (Controller Boot Thread) WFLYCTL0028: Attribute 'security-realm' in the resource at address '/core-service=management/management-interface=http-interface' is deprecated, and may be removed in a future version. See the attribute description in the output of the read-resource-description operation to learn more about the deprecation.
2020-12-21 08:20:50,288 INFO  [org.jboss.as.controller.management-deprecated] (ServerService Thread Pool -- 27) WFLYCTL0028: Attribute 'security-realm' in the resource at address '/subsystem=undertow/server=default-server/https-listener=https' is deprecated, and may be removed in a future version. See the attribute description in the output of the read-resource-description operation to learn more about the deprecation.
2020-12-21 08:20:50,442 INFO  [org.jboss.as.server] (Controller Boot Thread) WFLYSRV0039: Creating http management service using socket-binding (management-http)
2020-12-21 08:20:50,460 INFO  [org.xnio] (MSC service thread 1-6) XNIO version 3.8.1.Final
2020-12-21 08:20:50,472 INFO  [org.xnio.nio] (MSC service thread 1-6) XNIO NIO Implementation Version 3.8.1.Final
2020-12-21 08:20:50,525 INFO  [org.jboss.remoting] (MSC service thread 1-8) JBoss Remoting version 5.0.18.Final
2020-12-21 08:20:50,529 INFO  [org.jboss.as.clustering.infinispan] (ServerService Thread Pool -- 37) WFLYCLINF0001: Activating Infinispan subsystem.
2020-12-21 08:20:50,527 INFO  [org.wildfly.extension.io] (ServerService Thread Pool -- 36) WFLYIO001: Worker 'default' has auto-configured to 16 IO threads with 128 max task threads based on your 8 available processors
2020-12-21 08:20:50,544 WARN  [org.jboss.as.txn] (ServerService Thread Pool -- 49) WFLYTX0013: The node-identifier attribute on the /subsystem=transactions is set to the default value. This is a danger for environments running multiple servers. Please make sure the attribute value is unique.
2020-12-21 08:20:50,558 INFO  [org.jboss.as.naming] (ServerService Thread Pool -- 43) WFLYNAM0001: Activating Naming Subsystem
2020-12-21 08:20:50,558 INFO  [org.wildfly.extension.microprofile.config.smallrye._private] (ServerService Thread Pool -- 51) WFLYCONF0001: Activating WildFly MicroProfile Config Subsystem
2020-12-21 08:20:50,561 INFO  [org.jboss.as.security] (ServerService Thread Pool -- 48) WFLYSEC0002: Activating Security Subsystem
2020-12-21 08:20:50,566 INFO  [org.wildfly.extension.microprofile.health.smallrye] (ServerService Thread Pool -- 52) WFLYHEALTH0001: Activating Eclipse MicroProfile Health Subsystem
2020-12-21 08:20:50,566 INFO  [org.jboss.as.security] (MSC service thread 1-3) WFLYSEC0001: Current PicketBox version=5.0.3.Final-redhat-00005
2020-12-21 08:20:50,572 INFO  [org.jboss.as.connector] (MSC service thread 1-1) WFLYJCA0009: Starting JCA Subsystem (WildFly/IronJacamar 1.4.22.Final)
2020-12-21 08:20:50,588 INFO  [org.jboss.as.naming] (MSC service thread 1-3) WFLYNAM0003: Starting Naming Service
2020-12-21 08:20:50,588 INFO  [org.jboss.as.mail.extension] (MSC service thread 1-2) WFLYMAIL0001: Bound mail session [java:jboss/mail/Default]
2020-12-21 08:20:50,927 INFO  [org.wildfly.extension.microprofile.metrics.smallrye] (ServerService Thread Pool -- 53) WFLYMETRICS0001: Activating Eclipse MicroProfile Metrics Subsystem
2020-12-21 08:20:51,101 INFO  [org.jboss.as.connector.subsystems.datasources] (ServerService Thread Pool -- 32) WFLYJCA0004: Deploying JDBC-compliant driver class org.h2.Driver (version 1.4)
2020-12-21 08:20:51,104 INFO  [org.jboss.as.connector.deployers.jdbc] (MSC service thread 1-6) WFLYJCA0018: Started Driver service with driver-name = h2
2020-12-21 08:20:51,389 INFO  [org.jboss.as.jaxrs] (ServerService Thread Pool -- 38) WFLYRS0016: RESTEasy version 3.12.1.Final
2020-12-21 08:20:51,453 INFO  [org.wildfly.extension.undertow] (MSC service thread 1-4) WFLYUT0003: Undertow 2.1.3.Final starting
2020-12-21 08:20:51,540 WARN  [org.wildfly.clustering.web.undertow] (ServerService Thread Pool -- 54) WFLYCLWEBUT0007: No routing provider found for default-server; using legacy provider based on static configuration
2020-12-21 08:20:51,785 INFO  [org.jboss.as.connector.subsystems.datasources] (MSC service thread 1-8) WFLYJCA0001: Bound data source [java:jboss/datasources/KeycloakDS]
2020-12-21 08:20:51,785 INFO  [org.jboss.as.connector.subsystems.datasources] (MSC service thread 1-7) WFLYJCA0001: Bound data source [java:jboss/datasources/ExampleDS]
2020-12-21 08:20:51,895 INFO  [org.wildfly.extension.undertow] (ServerService Thread Pool -- 54) WFLYUT0014: Creating file handler for path '/home/sandro/Documentos/proy_web/keycloaktest/keycloak-11.0.3/welcome-content' with options [directory-listing: 'false', follow-symlink: 'false', case-sensitive: 'true', safe-symlink-paths: '[]']
2020-12-21 08:20:51,901 INFO  [org.wildfly.extension.undertow] (MSC service thread 1-1) WFLYUT0012: Started server default-server.
2020-12-21 08:20:51,903 INFO  [org.wildfly.extension.undertow] (MSC service thread 1-2) WFLYUT0018: Host default-host starting
2020-12-21 08:20:52,075 INFO  [org.wildfly.extension.undertow] (MSC service thread 1-8) WFLYUT0006: Undertow HTTP listener default listening on 127.0.0.1:8080
2020-12-21 08:20:52,131 INFO  [org.jboss.as.ejb3] (MSC service thread 1-3) WFLYEJB0493: EJB subsystem suspension complete
2020-12-21 08:20:52,141 INFO  [org.jboss.as.ejb3] (MSC service thread 1-3) WFLYEJB0482: Strict pool mdb-strict-max-pool is using a max instance size of 32 (per class), which is derived from the number of CPUs on this host.
2020-12-21 08:20:52,141 INFO  [org.jboss.as.ejb3] (MSC service thread 1-5) WFLYEJB0481: Strict pool slsb-strict-max-pool is using a max instance size of 128 (per class), which is derived from thread worker pool sizing.
2020-12-21 08:20:52,836 INFO  [org.jboss.as.patching] (MSC service thread 1-8) WFLYPAT0050: Keycloak cumulative patch ID is: base, one-off patches include: none
2020-12-21 08:20:52,860 WARN  [org.jboss.as.domain.management.security] (MSC service thread 1-4) WFLYDM0111: Keystore /home/sandro/Documentos/proy_web/keycloaktest/keycloak-11.0.3/standalone/configuration/application.keystore not found, it will be auto generated on first use with a self signed certificate for host localhost
